<?xml version='1.0' encoding='UTF-8'?>
<testsuite hostname="DESKTOP-LTQ74I7" name="Look_Tests" tests="3" errors="0" failures="0" skipped="0" time="0.071" timestamp="2022-01-18T13:22:02">
          <properties>
[...]
</properties>
          <testcase classname="Look_Tests" name="t1" time="0.064">
                      
                    </testcase><testcase classname="Look_Tests" name="t2" time="0.005">
                      
                    </testcase><testcase classname="Look_Tests" name="t3" time="0.002">
                      
                    </testcase>
          <system-out><![CDATA[]]></system-out>
          <system-err><![CDATA[]]></system-err>
        </testsuite>